Log file open, 08/27/19 13:10:48
LogWindows: Failed to load 'aqProf.dll' (GetLastError=126)
LogWindows: File 'aqProf.dll' does not exist
LogWindows: Failed to load 'VtuneApi.dll' (GetLastError=126)
LogWindows: File 'VtuneApi.dll' does not exist
LogWindows: Failed to load 'VtuneApi32e.dll' (GetLastError=126)
LogWindows: File 'VtuneApi32e.dll' does not exist
LogConsoleResponse: Display: Failed to find resolution value strings in scalability ini. Falling back to default.
LogInit: Display: Running engine for game: ProjectFoil
LogPakFile: Registered encryption key '00000000000000000000000000000000': 0 pak files mounted, 0 remain pending
LogPlatformFile: Not using cached read wrapper
LogTaskGraph: Started task graph with 5 named threads and 26 total threads with 3 sets of task threads.
LogStats: Stats thread started at 0.293251
LogD3D11RHI: Loaded GFSDK_Aftermath_Lib.x64.dll
LogICUInternationalization: ICU TimeZone Detection - Raw Offset: -7:00, Platform Override: ''
LogPluginManager: Mounting plugin Paper2D
LogPluginManager: Mounting plugin AISupport
LogPluginManager: Mounting plugin LightPropagationVolume
LogPluginManager: Mounting plugin ActorLayerUtilities
LogPluginManager: Mounting plugin AnimationSharing
LogPluginManager: Mounting plugin CLionSourceCodeAccess
LogPluginManager: Mounting plugin CodeLiteSourceCodeAccess
LogPluginManager: Mounting plugin GitSourceControl
LogPluginManager: Mounting plugin KDevelopSourceCodeAccess
LogPluginManager: Mounting plugin NullSourceCodeAccess
LogPluginManager: Mounting plugin PerforceSourceControl
LogPluginManager: Mounting plugin SubversionSourceControl
LogPluginManager: Mounting plugin UObjectPlugin
LogPluginManager: Mounting plugin VisualStudioCodeSourceCodeAccess
LogPluginManager: Mounting plugin VisualStudioSourceCodeAccess
LogPluginManager: Mounting plugin XCodeSourceCodeAccess
LogPluginManager: Mounting plugin AssetManagerEditor
LogPluginManager: Mounting plugin CryptoKeys
LogPluginManager: Mounting plugin DataValidation
LogPluginManager: Mounting plugin FacialAnimation
LogPluginManager: Mounting plugin GameplayTagsEditor
LogPluginManager: Mounting plugin MacGraphicsSwitching
LogPluginManager: Mounting plugin MaterialAnalyzer
LogPluginManager: Mounting plugin MobileLauncherProfileWizard
LogPluginManager: Mounting plugin PluginBrowser
LogPluginManager: Mounting plugin SpeedTreeImporter
LogPluginManager: Mounting plugin DatasmithContent
LogPluginManager: Mounting plugin VariantManagerContent
LogPluginManager: Mounting plugin AlembicImporter
LogPluginManager: Mounting plugin AppleImageUtils
LogPluginManager: Mounting plugin AppleVision
LogPluginManager: Mounting plugin BackChannel
LogPluginManager: Mounting plugin CharacterAI
LogPluginManager: Mounting plugin GeometryCache
LogPluginManager: Mounting plugin HTML5Networking
LogPluginManager: Mounting plugin ProxyLODPlugin
LogPluginManager: Mounting plugin SkeletalReduction
LogPluginManager: Mounting plugin MagicLeap
LogPluginManager: Mounting plugin MagicLeapMedia
LogPluginManager: Mounting plugin AndroidMedia
LogPluginManager: Mounting plugin AvfMedia
LogPluginManager: Mounting plugin ImgMedia
LogPluginManager: Mounting plugin LinearTimecode
LogPluginManager: Mounting plugin MediaCompositing
LogPluginManager: Mounting plugin MediaPlayerEditor
LogPluginManager: Mounting plugin WebMMedia
LogPluginManager: Mounting plugin WmfMedia
LogPluginManager: Mounting plugin TcpMessaging
LogPluginManager: Mounting plugin UdpMessaging
LogPluginManager: Mounting plugin ActorSequence
LogPluginManager: Mounting plugin LevelSequenceEditor
LogPluginManager: Mounting plugin MatineeToLevelSequence
LogPluginManager: Mounting plugin NetcodeUnitTest
LogPluginManager: Mounting plugin NUTUnrealEngine4
LogPluginManager: Mounting plugin OnlineSubsystemGooglePlay
LogPluginManager: Mounting plugin OnlineSubsystemIOS
LogPluginManager: Mounting plugin OnlineSubsystem
LogPluginManager: Mounting plugin OnlineSubsystemNull
LogPluginManager: Mounting plugin OnlineSubsystemUtils
LogPluginManager: Mounting plugin LauncherChunkInstaller
LogPluginManager: Mounting plugin AndroidDeviceProfileSelector
LogPluginManager: Mounting plugin AndroidMoviePlayer
LogPluginManager: Mounting plugin AndroidPermission
LogPluginManager: Mounting plugin AppleMoviePlayer
LogPluginManager: Mounting plugin ArchVisCharacter
LogPluginManager: Mounting plugin AudioCapture
LogPluginManager: Mounting plugin CableComponent
LogPluginManager: Mounting plugin CustomMeshComponent
LogPluginManager: Mounting plugin EditableMesh
LogPluginManager: Mounting plugin ExampleDeviceProfileSelector
LogPluginManager: Mounting plugin Firebase
LogPluginManager: Mounting plugin GoogleCloudMessaging
LogPluginManager: Mounting plugin IOSDeviceProfileSelector
LogPluginManager: Mounting plugin LinuxDeviceProfileSelector
LogPluginManager: Mounting plugin LocationServicesBPLibrary
LogPluginManager: Mounting plugin MobilePatchingUtils
LogPluginManager: Mounting plugin OculusVR
LogPluginManager: Mounting plugin PhysXVehicles
LogPluginManager: Mounting plugin ProceduralMeshComponent
LogPluginManager: Mounting plugin RuntimePhysXCooking
LogPluginManager: Mounting plugin SignificanceManager
LogPluginManager: Mounting plugin SteamVR
LogPluginManager: Mounting plugin WebMMoviePlayer
LogPluginManager: Mounting plugin WindowsMoviePlayer
LogInit: Warning: Incompatible or missing module: ProjectFoil
Running C:/Program Files/Epic Games/UE_4.22/Engine/Binaries/DotNET/UnrealBuildTool.exe Development Win64 -Project="C:/Branden Craghead/Projects 2/Project Foil/PreojectFoil/ProjectFoil/ProjectFoil.uproject" -TargetType=Editor -Progress -NoHotReloadFromIDE
Using 'git status' to determine working set for adaptive non-unity build (C:\Branden Craghead\Projects 2\Project Foil\PreojectFoil).
Creating makefile for ProjectFoilEditor (.uproject file is newer)
@progress push 5%
Parsing headers for ProjectFoilEditor
  Running UnrealHeaderTool "C:\Branden Craghead\Projects 2\Project Foil\PreojectFoil\ProjectFoil\ProjectFoil.uproject" "C:\Branden Craghead\Projects 2\Project Foil\PreojectFoil\ProjectFoil\Intermediate\Build\Win64\ProjectFoilEditor\Development\ProjectFoilEditor.uhtmanifest" -LogCmds="loginit warning, logexit warning, logdatabase error" -Unattended -WarningsAsErrors -installed
Reflection code generated for ProjectFoilEditor in 11.5727169 seconds
@progress pop
Using Visual Studio 2017 14.16.27023 toolchain (C:\Program Files (x86)\Microsoft Visual Studio\2017\Enterprise\VC\Tools\MSVC\14.16.27023) and Windows 10.0.16299.0 SDK (C:\Program Files (x86)\Windows Kits\10).
Building 15 actions with 8 processes...
  @progress 'Compiling C++ source code...' 0%
  @progress 'Compiling C++ source code...' 7%
  [1/15] Default.rc2
  @progress 'Compiling C++ source code...' 13%
  [2/15] SharedPCH.Engine.cpp
  @progress 'Compiling C++ source code...' 20%
  [3/15] ProjectFoil.init.gen.cpp
  @progress 'Compiling C++ source code...' 27%
  [4/15] ProjectFoilProjectile.cpp
  @progress 'Compiling C++ source code...' 33%
  [5/15] ProjectFoilHUD.gen.cpp
  @progress 'Compiling C++ source code...' 40%
  [6/15] ProjectFoilGameMode.gen.cpp
  @progress 'Compiling C++ source code...' 47%
  [7/15] ProjectFoilCharacter.gen.cpp
  @progress 'Compiling C++ source code...' 53%
  [8/15] ProjectFoilGameMode.cpp
  @progress 'Compiling C++ source code...' 60%
  [9/15] ProjectFoilHUD.cpp
  @progress 'Compiling C++ source code...' 67%
  [10/15] ProjectFoil.cpp
  @progress 'Compiling C++ source code...' 73%
  [11/15] ProjectFoilProjectile.gen.cpp
  @progress 'Compiling C++ source code...' 80%
  [12/15] ProjectFoilCharacter.cpp
  @progress 'Compiling C++ source code...' 87%
  [13/15] UE4Editor-ProjectFoil.lib
     Creating library C:\Branden Craghead\Projects 2\Project Foil\PreojectFoil\ProjectFoil\Intermediate\Build\Win64\UE4Editor\Development\ProjectFoil\UE4Editor-ProjectFoil.lib and object C:\Branden Craghead\Projects 2\Project Foil\PreojectFoil\ProjectFoil\Intermediate\Build\Win64\UE4Editor\Development\ProjectFoil\UE4Editor-ProjectFoil.exp
  @progress 'Compiling C++ source code...' 93%
  [14/15] UE4Editor-ProjectFoil.dll
     Creating library C:\Branden Craghead\Projects 2\Project Foil\PreojectFoil\ProjectFoil\Intermediate\Build\Win64\UE4Editor\Development\ProjectFoil\UE4Editor-ProjectFoil.suppressed.lib and object C:\Branden Craghead\Projects 2\Project Foil\PreojectFoil\ProjectFoil\Intermediate\Build\Win64\UE4Editor\Development\ProjectFoil\UE4Editor-ProjectFoil.suppressed.exp
  @progress 'Compiling C++ source code...' 100%
  [15/15] ProjectFoilEditor.target
Total time in Parallel executor: 16.64 seconds
Total execution time: 32.86 seconds
LogInit: Using libcurl 7.55.1-DEV
LogInit:  - built for x86_64-pc-win32
LogInit:  - supports SSL with OpenSSL/1.1.1
LogInit:  - supports HTTP deflate (compression) using libz 1.2.8
LogInit:  - other features:
LogInit:      CURL_VERSION_SSL
LogInit:      CURL_VERSION_LIBZ
LogInit:      CURL_VERSION_IPV6
LogInit:      CURL_VERSION_ASYNCHDNS
LogInit:      CURL_VERSION_LARGEFILE
LogInit:      CURL_VERSION_IDN
LogInit:  CurlRequestOptions (configurable via config and command line):
LogInit:  - bVerifyPeer = true  - Libcurl will verify peer certificate
LogInit:  - bUseHttpProxy = false  - Libcurl will NOT use HTTP proxy
LogInit:  - bDontReuseConnections = false  - Libcurl will reuse connections
LogInit:  - MaxHostConnections = 16  - Libcurl will limit the number of connections to a host
LogInit:  - LocalHostAddr = Default
LogInit:  - BufferSize = 65536
LogInit: WinSock: version 1.1 (2.2), MaxSocks=32767, MaxUdp=65467
LogInit: Build: ++UE4+Release-4.22-CL-7053642
LogInit: Engine Version: 4.22.3-7053642+++UE4+Release-4.22
LogInit: Compatible Engine Version: 4.22.0-5660361+++UE4+Release-4.22
LogInit: Net CL: 5660361
LogInit: OS: Windows 10 (Release 1903) (), CPU: Intel(R) Core(TM) i7-9700K CPU @ 3.60GHz, GPU: NVIDIA GeForce RTX 2060
LogInit: Compiled (64-bit): Jun 18 2019 03:09:11
LogInit: Compiled with Visual C++: 19.16.27025.01
LogInit: Build Configuration: Development
LogInit: Branch Name: ++UE4+Release-4.22
LogInit: Command Line: 
LogInit: Base Directory: C:/Program Files/Epic Games/UE_4.22/Engine/Binaries/Win64/
LogInit: Installed Engine Build: 1
LogDevObjectVersion: Number of dev versions registered: 23
LogDevObjectVersion:   Dev-Blueprints (B0D832E4-1F89-4F0D-ACCF-7EB736FD4AA2): 10
LogDevObjectVersion:   Dev-Build (E1C64328-A22C-4D53-A36C-8E866417BD8C): 0
LogDevObjectVersion:   Dev-Core (375EC13C-06E4-48FB-B500-84F0262A717E): 3
LogDevObjectVersion:   Dev-Editor (E4B068ED-F494-42E9-A231-DA0B2E46BB41): 30
LogDevObjectVersion:   Dev-Framework (CFFC743F-43B0-4480-9391-14DF171D2073): 35
LogDevObjectVersion:   Dev-Mobile (B02B49B5-BB20-44E9-A304-32B752E40360): 2
LogDevObjectVersion:   Dev-Networking (A4E4105C-59A1-49B5-A7C5-40C4547EDFEE): 0
LogDevObjectVersion:   Dev-Online (39C831C9-5AE6-47DC-9A44-9C173E1C8E7C): 0
LogDevObjectVersion:   Dev-Physics (78F01B33-EBEA-4F98-B9B4-84EACCB95AA2): 0
LogDevObjectVersion:   Dev-Platform (6631380F-2D4D-43E0-8009-CF276956A95A): 0
LogDevObjectVersion:   Dev-Rendering (12F88B9F-8875-4AFC-A67C-D90C383ABD29): 28
LogDevObjectVersion:   Dev-Sequencer (7B5AE74C-D270-4C10-A958-57980B212A5A): 11
LogDevObjectVersion:   Dev-VR (D7296918-1DD6-4BDD-9DE2-64A83CC13884): 2
LogDevObjectVersion:   Dev-LoadTimes (C2A15278-BFE7-4AFE-6C17-90FF531DF755): 1
LogDevObjectVersion:   Private-Geometry (6EACA3D4-40EC-4CC1-B786-8BED09428FC5): 3
LogDevObjectVersion:   Dev-AnimPhys (29E575DD-E0A3-4627-9D10-D276232CDCEA): 17
LogDevObjectVersion:   Dev-Anim (AF43A65D-7FD3-4947-9873-3E8ED9C1BB05): 2
LogDevObjectVersion:   Dev-ReflectionCapture (6B266CEC-1EC7-4B8F-A30B-E4D90942FC07): 1
LogDevObjectVersion:   Dev-Automation (0DF73D61-A23F-47EA-B727-89E90C41499A): 1
LogDevObjectVersion:   FortniteMain (601D1886-AC64-4F84-AA16-D3DE0DEAC7D6): 25
LogDevObjectVersion:   Dev-Enterprise (9DFFBCD6-494F-0158-E221-12823C92A888): 6
LogDevObjectVersion:   Dev-Niagara (F2AED0AC-9AFE-416F-8664-AA7FFA26D6FC): 1
LogDevObjectVersion:   Dev-Destruction (174F1F0B-B4C6-45A5-B13F-2EE8D0FB917D): 2
LogInit: Presizing for max 16777216 objects, including 0 objects not considered by GC, pre-allocating 0 bytes for permanent pool.
LogInit: Object subsystem initialized
LogConfig: Setting CVar [[con.DebugEarlyDefault:1]]
LogConfig: Setting CVar [[r.setres:1280x720]]
[2019.08.27-19.10.48:383][  0]LogConfig: Setting CVar [[r.VSync:0]]
[2019.08.27-19.10.48:383][  0]LogConfig: Setting CVar [[r.RHICmdBypass:0]]
[2019.08.27-19.10.48:383][  0]LogConfig: Applying CVar settings from Section [/Script/Engine.RendererSettings] File [C:/Project 2/Project Files/PreojectFoil/ProjectFoil/Saved/Config/Windows/Engine.ini]
[2019.08.27-19.10.48:383][  0]LogConfig: Setting CVar [[r.GPUCrashDebugging:0]]
[2019.08.27-19.10.48:383][  0]LogConfig: Applying CVar settings from Section [/Script/Engine.RendererOverrideSettings] File [C:/Project 2/Project Files/PreojectFoil/ProjectFoil/Saved/Config/Windows/Engine.ini]
[2019.08.27-19.10.48:383][  0]LogConfig: Applying CVar settings from Section [/Script/Engine.StreamingSettings] File [C:/Project 2/Project Files/PreojectFoil/ProjectFoil/Saved/Config/Windows/Engine.ini]
[2019.08.27-19.10.48:383][  0]LogConfig: Setting CVar [[s.MinBulkDataSizeForAsyncLoading:131072]]
[2019.08.27-19.10.48:383][  0]LogConfig: Setting CVar [[s.AsyncLoadingThreadEnabled:0]]
[2019.08.27-19.10.48:383][  0]LogConfig: Setting CVar [[s.EventDrivenLoaderEnabled:1]]
[2019.08.27-19.10.48:383][  0]LogConfig: Setting CVar [[s.WarnIfTimeLimitExceeded:0]]
[2019.08.27-19.10.48:383][  0]LogConfig: Setting CVar [[s.TimeLimitExceededMultiplier:1.5]]
[2019.08.27-19.10.48:383][  0]LogConfig: Setting CVar [[s.TimeLimitExceededMinTime:0.005]]
[2019.08.27-19.10.48:383][  0]LogConfig: Setting CVar [[s.UseBackgroundLevelStreaming:1]]
[2019.08.27-19.10.48:383][  0]LogConfig: Setting CVar [[s.PriorityAsyncLoadingExtraTime:15.0]]
[2019.08.27-19.10.48:383][  0]LogConfig: Setting CVar [[s.LevelStreamingActorsUpdateTimeLimit:5.0]]
[2019.08.27-19.10.48:383][  0]LogConfig: Setting CVar [[s.PriorityLevelStreamingActorsUpdateExtraTime:5.0]]
[2019.08.27-19.10.48:383][  0]LogConfig: Setting CVar [[s.LevelStreamingComponentsRegistrationGranularity:10]]
[2019.08.27-19.10.48:383][  0]LogConfig: Setting CVar [[s.UnregisterComponentsTimeLimit:1.0]]
[2019.08.27-19.10.48:383][  0]LogConfig: Setting CVar [[s.LevelStreamingComponentsUnregistrationGranularity:5]]
[2019.08.27-19.10.48:383][  0]LogConfig: Applying CVar settings from Section [/Script/Engine.GarbageCollectionSettings] File [C:/Project 2/Project Files/PreojectFoil/ProjectFoil/Saved/Config/Windows/Engine.ini]
[2019.08.27-19.10.48:383][  0]LogConfig: Setting CVar [[gc.MaxObjectsNotConsideredByGC:1]]
[2019.08.27-19.10.48:383][  0]LogConfig: Setting CVar [[gc.SizeOfPermanentObjectPool:0]]
[2019.08.27-19.10.48:383][  0]LogConfig: Setting CVar [[gc.FlushStreamingOnGC:0]]
[2019.08.27-19.10.48:383][  0]LogConfig: Setting CVar [[gc.NumRetriesBeforeForcingGC:10]]
[2019.08.27-19.10.48:383][  0]LogConfig: Setting CVar [[gc.AllowParallelGC:1]]
[2019.08.27-19.10.48:383][  0]LogConfig: Setting CVar [[gc.TimeBetweenPurgingPendingKillObjects:61.1]]
[2019.08.27-19.10.48:383][  0]LogConfig: Setting CVar [[gc.MaxObjectsInEditor:16777216]]
[2019.08.27-19.10.48:384][  0]LogConfig: Setting CVar [[gc.IncrementalBeginDestroyEnabled:1]]
[2019.08.27-19.10.48:384][  0]LogConfig: Setting CVar [[gc.CreateGCClusters:1]]
[2019.08.27-19.10.48:384][  0]LogConfig: Setting CVar [[gc.MinGCClusterSize:5]]
[2019.08.27-19.10.48:384][  0]LogConfig: Setting CVar [[gc.ActorClusteringEnabled:0]]
[2019.08.27-19.10.48:384][  0]LogConfig: Setting CVar [[gc.BlueprintClusteringEnabled:0]]
[2019.08.27-19.10.48:384][  0]LogConfig: Setting CVar [[gc.UseDisregardForGCOnDedicatedServers:0]]
[2019.08.27-19.10.48:384][  0]LogConfig: Applying CVar settings from Section [/Script/Engine.NetworkSettings] File [C:/Project 2/Project Files/PreojectFoil/ProjectFoil/Saved/Config/Windows/Engine.ini]
[2019.08.27-19.10.48:384][  0]LogConfig: Applying CVar settings from Section [/Script/UnrealEd.CookerSettings] File [C:/Project 2/Project Files/PreojectFoil/ProjectFoil/Saved/Config/Windows/Engine.ini]
[2019.08.27-19.10.48:387][  0]LogConfig: Applying CVar settings from Section [ViewDistanceQuality@3] File [C:/Project 2/Project Files/PreojectFoil/ProjectFoil/Saved/Config/Windows/Scalability.ini]
[2019.08.27-19.10.48:387][  0]LogConfig: Setting CVar [[r.SkeletalMeshLODBias:0]]
[2019.08.27-19.10.48:387][  0]LogConfig: Setting CVar [[r.ViewDistanceScale:1.0]]
[2019.08.27-19.10.48:387][  0]LogConfig: Applying CVar settings from Section [AntiAliasingQuality@3] File [C:/Project 2/Project Files/PreojectFoil/ProjectFoil/Saved/Config/Windows/Scalability.ini]
[2019.08.27-19.10.48:387][  0]LogConfig: Setting CVar [[r.PostProcessAAQuality:4]]
[2019.08.27-19.10.48:387][  0]LogConfig: Applying CVar settings from Section [ShadowQuality@3] File [C:/Project 2/Project Files/PreojectFoil/ProjectFoil/Saved/Config/Windows/Scalability.ini]
[2019.08.27-19.10.48:387][  0]LogConfig: Setting CVar [[r.LightFunctionQuality:1]]
[2019.08.27-19.10.48:387][  0]LogConfig: Setting CVar [[r.ShadowQuality:5]]
[2019.08.27-19.10.48:387][  0]LogConfig: Setting CVar [[r.Shadow.CSM.MaxCascades:10]]
[2019.08.27-19.10.48:387][  0]LogConfig: Setting CVar [[r.Shadow.MaxResolution:2048]]
[2019.08.27-19.10.48:387][  0]LogConfig: Setting CVar [[r.Shadow.MaxCSMResolution:2048]]
[2019.08.27-19.10.48:387][  0]LogConfig: Setting CVar [[r.Shadow.RadiusThreshold:0.01]]
[2019.08.27-19.10.48:387][  0]LogConfig: Setting CVar [[r.Shadow.DistanceScale:1.0]]
[2019.08.27-19.10.48:387][  0]LogConfig: Setting CVar [[r.Shadow.CSM.TransitionScale:1.0]]
[2019.08.27-19.10.48:387][  0]LogConfig: Setting CVar [[r.Shadow.PreShadowResolutionFactor:1.0]]
[2019.08.27-19.10.48:387][  0]LogConfig: Setting CVar [[r.DistanceFieldShadowing:1]]
[2019.08.27-19.10.48:387][  0]LogConfig: Setting CVar [[r.DistanceFieldAO:1]]
[2019.08.27-19.10.48:387][  0]LogConfig: Setting CVar [[r.AOQuality:2]]
[2019.08.27-19.10.48:387][  0]LogConfig: Setting CVar [[r.VolumetricFog:1]]
[2019.08.27-19.10.48:387][  0]LogConfig: Setting CVar [[r.VolumetricFog.GridPixelSize:8]]
[2019.08.27-19.10.48:387][  0]LogConfig: Setting CVar [[r.VolumetricFog.GridSizeZ:128]]
[2019.08.27-19.10.48:387][  0]LogConfig: Setting CVar [[r.VolumetricFog.HistoryMissSupersampleCount:4]]
[2019.08.27-19.10.48:387][  0]LogConfig: Setting CVar [[r.LightMaxDrawDistanceScale:1]]
[2019.08.27-19.10.48:387][  0]LogConfig: Setting CVar [[r.CapsuleShadows:1]]
[2019.08.27-19.10.48:387][  0]LogConfig: Applying CVar settings from Section [PostProcessQuality@3] File [C:/Project 2/Project Files/PreojectFoil/ProjectFoil/Saved/Config/Windows/Scalability.ini]
[2019.08.27-19.10.48:387][  0]LogConfig: Setting CVar [[r.MotionBlurQuality:4]]
[2019.08.27-19.10.48:387][  0]LogConfig: Setting CVar [[r.AmbientOcclusionMipLevelFactor:0.4]]
[2019.08.27-19.10.48:387][  0]LogConfig: Setting CVar [[r.AmbientOcclusionMaxQuality:100]]
[2019.08.27-19.10.48:387][  0]LogConfig: Setting CVar [[r.AmbientOcclusionLevels:-1]]
[2019.08.27-19.10.48:387][  0]LogConfig: Setting CVar [[r.AmbientOcclusionRadiusScale:1.0]]
[2019.08.27-19.10.48:387][  0]LogConfig: Setting CVar [[r.DepthOfFieldQuality:2]]
[2019.08.27-19.10.48:387][  0]LogConfig: Setting CVar [[r.RenderTargetPoolMin:400]]
[2019.08.27-19.10.48:387][  0]LogConfig: Setting CVar [[r.LensFlareQuality:2]]
[2019.08.27-19.10.48:387][  0]LogConfig: Setting CVar [[r.SceneColorFringeQuality:1]]
[2019.08.27-19.10.48:387][  0]LogConfig: Setting CVar [[r.EyeAdaptationQuality:2]]
[2019.08.27-19.10.48:387][  0]LogConfig: Setting CVar [[r.BloomQuality:5]]
[2019.08.27-19.10.48:387][  0]LogConfig: Setting CVar [[r.FastBlurThreshold:100]]
[2019.08.27-19.10.48:387][  0]LogConfig: Setting CVar [[r.Upscale.Quality:3]]
[2019.08.27-19.10.48:387][  0]LogConfig: Setting CVar [[r.Tonemapper.GrainQuantization:1]]
[2019.08.27-19.10.48:387][  0]LogConfig: Setting CVar [[r.LightShaftQuality:1]]
[2019.08.27-19.10.48:387][  0]LogConfig: Setting CVar [[r.Filter.SizeScale:1]]
[2019.08.27-19.10.48:387][  0]LogConfig: Setting CVar [[r.Tonemapper.Quality:5]]
[2019.08.27-19.10.48:387][  0]LogConfig: Setting CVar [[r.DOF.Gather.AccumulatorQuality:1        ; higher gathering accumulator quality]]
[2019.08.27-19.10.48:387][  0]LogConfig: Setting CVar [[r.DOF.Gather.PostfilterMethod:1          ; Median3x3 postfilering method]]
[2019.08.27-19.10.48:387][  0]LogConfig: Setting CVar [[r.DOF.Gather.EnableBokehSettings:0       ; no bokeh simulation when gathering]]
[2019.08.27-19.10.48:387][  0]LogConfig: Setting CVar [[r.DOF.Gather.RingCount:4                 ; medium number of samples when gathering]]
[2019.08.27-19.10.48:387][  0]LogConfig: Setting CVar [[r.DOF.Scatter.ForegroundCompositing:1    ; additive foreground scattering]]
[2019.08.27-19.10.48:387][  0]LogConfig: Setting CVar [[r.DOF.Scatter.BackgroundCompositing:2    ; additive background scattering]]
[2019.08.27-19.10.48:387][  0]LogConfig: Setting CVar [[r.DOF.Scatter.EnableBokehSettings:1      ; bokeh simulation when scattering]]
[2019.08.27-19.10.48:387][  0]LogConfig: Setting CVar [[r.DOF.Scatter.MaxSpriteRatio:0.1         ; only a maximum of 10% of scattered bokeh]]
[2019.08.27-19.10.48:387][  0]LogConfig: Setting CVar [[r.DOF.Recombine.Quality:1                ; cheap slight out of focus]]
[2019.08.27-19.10.48:388][  0]LogConfig: Setting CVar [[r.DOF.Recombine.EnableBokehSettings:0    ; no bokeh simulation on slight out of focus]]
[2019.08.27-19.10.48:388][  0]LogConfig: Setting CVar [[r.DOF.TemporalAAQuality:1                ; more stable temporal accumulation]]
[2019.08.27-19.10.48:388][  0]LogConfig: Setting CVar [[r.DOF.Kernel.MaxForegroundRadius:0.025]]
[2019.08.27-19.10.48:388][  0]LogConfig: Setting CVar [[r.DOF.Kernel.MaxBackgroundRadius:0.025]]
[2019.08.27-19.10.48:388][  0]LogConfig: Applying CVar settings from Section [TextureQuality@3] File [C:/Project 2/Project Files/PreojectFoil/ProjectFoil/Saved/Config/Windows/Scalability.ini]
[2019.08.27-19.10.48:388][  0]LogConfig: Setting CVar [[r.Streaming.MipBias:0]]
[2019.08.27-19.10.48:388][  0]LogConfig: Setting CVar [[r.Streaming.AmortizeCPUToGPUCopy:0]]
[2019.08.27-19.10.48:388][  0]LogConfig: Setting CVar [[r.Streaming.MaxNumTexturesToStreamPerFrame:0]]
[2019.08.27-19.10.48:388][  0]LogConfig: Setting CVar [[r.Streaming.Boost:1]]
[2019.08.27-19.10.48:388][  0]LogConfig: Setting CVar [[r.MaxAnisotropy:8]]
[2019.08.27-19.10.48:388][  0]LogConfig: Setting CVar [[r.Streaming.LimitPoolSizeToVRAM:0]]
[2019.08.27-19.10.48:388][  0]LogConfig: Setting CVar [[r.Streaming.PoolSize:1000]]
[2019.08.27-19.10.48:388][  0]LogConfig: Setting CVar [[r.Streaming.MaxEffectiveScreenSize:0]]
[2019.08.27-19.10.48:388][  0]LogConfig: Applying CVar settings from Section [EffectsQuality@3] File [C:/Project 2/Project Files/PreojectFoil/ProjectFoil/Saved/Config/Windows/Scalability.ini]
[2019.08.27-19.10.48:388][  0]LogConfig: Setting CVar [[r.TranslucencyLightingVolumeDim:64]]
[2019.08.27-19.10.48:388][  0]LogConfig: Setting CVar [[r.RefractionQuality:2]]
[2019.08.27-19.10.48:388][  0]LogConfig: Setting CVar [[r.SSR.Quality:3]]
[2019.08.27-19.10.48:388][  0]LogConfig: Setting CVar [[r.SceneColorFormat:4]]
[2019.08.27-19.10.48:388][  0]LogConfig: Setting CVar [[r.DetailMode:2]]
[2019.08.27-19.10.48:388][  0]LogConfig: Setting CVar [[r.TranslucencyVolumeBlur:1]]
[2019.08.27-19.10.48:388][  0]LogConfig: Setting CVar [[r.MaterialQualityLevel:1 ; High quality]]
[2019.08.27-19.10.48:388][  0]LogConfig: Setting CVar [[r.SSS.Scale:1]]
[2019.08.27-19.10.48:388][  0]LogConfig: Setting CVar [[r.SSS.SampleSet:2]]
[2019.08.27-19.10.48:388][  0]LogConfig: Setting CVar [[r.SSS.Quality:1]]
[2019.08.27-19.10.48:388][  0]LogConfig: Setting CVar [[r.SSS.HalfRes:1]]
[2019.08.27-19.10.48:388][  0]LogConfig: Setting CVar [[r.EmitterSpawnRateScale:1.0]]
[2019.08.27-19.10.48:388][  0]LogConfig: Setting CVar [[r.ParticleLightQuality:2]]
[2019.08.27-19.10.48:388][  0]LogConfig: Applying CVar settings from Section [FoliageQuality@3] File [C:/Project 2/Project Files/PreojectFoil/ProjectFoil/Saved/Config/Windows/Scalability.ini]
[2019.08.27-19.10.48:388][  0]LogConfig: Setting CVar [[foliage.DensityScale:1.0]]
[2019.08.27-19.10.48:388][  0]LogConfig: Setting CVar [[grass.DensityScale:1.0]]
[2019.08.27-19.10.48:388][  0]LogInit: Selected Device Profile: [Windows]
[2019.08.27-19.10.48:388][  0]LogInit: Applying CVar settings loaded from the selected device profile: [Windows]
[2019.08.27-19.10.48:397][  0]LogHAL: Display: Platform has ~ 32 GB [34212421632 / 34359738368 / 32], which maps to Largest [LargestMinGB=32, LargerMinGB=12, DefaultMinGB=8, SmallerMinGB=6, SmallestMinGB=0)
[2019.08.27-19.10.48:397][  0]LogConfig: Setting CVar [[r.Vulkan.UseRealUBs:0		; Required until we fix HLR fall-out]]
[2019.08.27-19.10.48:397][  0]LogInit: Going up to parent DeviceProfile []
[2019.08.27-19.10.48:397][  0]LogConfig: Applying CVar settings from Section [ViewDistanceQuality@Cine] File [C:/Project 2/Project Files/PreojectFoil/ProjectFoil/Saved/Config/Windows/Scalability.ini]
[2019.08.27-19.10.48:397][  0]LogConfig: Setting CVar [[r.SkeletalMeshLODBias:0]]
[2019.08.27-19.10.48:397][  0]LogConfig: Setting CVar [[r.ViewDistanceScale:10.0]]
[2019.08.27-19.10.48:397][  0]LogConfig: Applying CVar settings from Section [AntiAliasingQuality@Cine] File [C:/Project 2/Project Files/PreojectFoil/ProjectFoil/Saved/Config/Windows/Scalability.ini]
[2019.08.27-19.10.48:397][  0]LogConfig: Setting CVar [[r.PostProcessAAQuality:6]]
[2019.08.27-19.10.48:397][  0]LogConfig: Applying CVar settings from Section [ShadowQuality@Cine] File [C:/Project 2/Project Files/PreojectFoil/ProjectFoil/Saved/Config/Windows/Scalability.ini]
[2019.08.27-19.10.48:397][  0]LogConfig: Setting CVar [[r.LightFunctionQuality:1]]
[2019.08.27-19.10.48:397][  0]LogConfig: Setting CVar [[r.ShadowQuality:5]]
[2019.08.27-19.10.48:397][  0]LogConfig: Setting CVar [[r.Shadow.CSM.MaxCascades:10]]
[2019.08.27-19.10.48:397][  0]LogConfig: Setting CVar [[r.Shadow.MaxResolution:4096]]
[2019.08.27-19.10.48:397][  0]LogConfig: Setting CVar [[r.Shadow.MaxCSMResolution:4096]]
[2019.08.27-19.10.48:397][  0]LogConfig: Setting CVar [[r.Shadow.RadiusThreshold:0]]
[2019.08.27-19.10.48:397][  0]LogConfig: Setting CVar [[r.Shadow.DistanceScale:1.0]]
[2019.08.27-19.10.48:397][  0]LogConfig: Setting CVar [[r.Shadow.CSM.TransitionScale:1.0]]
[2019.08.27-19.10.48:397][  0]LogConfig: Setting CVar [[r.Shadow.PreShadowResolutionFactor:1.0]]
[2019.08.27-19.10.48:397][  0]LogConfig: Setting CVar [[r.DistanceFieldShadowing:1]]
[2019.08.27-19.10.48:397][  0]LogConfig: Setting CVar [[r.DistanceFieldAO:1]]
[2019.08.27-19.10.48:397][  0]LogConfig: Setting CVar [[r.AOQuality:2]]
[2019.08.27-19.10.48:397][  0]LogConfig: Setting CVar [[r.VolumetricFog:1]]
[2019.08.27-19.10.48:397][  0]LogConfig: Setting CVar [[r.VolumetricFog.GridPixelSize:4]]
[2019.08.27-19.10.48:397][  0]LogConfig: Setting CVar [[r.VolumetricFog.GridSizeZ:128]]
[2019.08.27-19.10.48:397][  0]LogConfig: Setting CVar [[r.VolumetricFog.HistoryMissSupersampleCount:16]]
[2019.08.27-19.10.48:397][  0]LogConfig: Setting CVar [[r.LightMaxDrawDistanceScale:1]]
[2019.08.27-19.10.48:397][  0]LogConfig: Setting CVar [[r.CapsuleShadows:1]]
[2019.08.27-19.10.48:397][  0]LogConfig: Applying CVar settings from Section [PostProcessQuality@Cine] File [C:/Project 2/Project Files/PreojectFoil/ProjectFoil/Saved/Config/Windows/Scalability.ini]
[2019.08.27-19.10.48:397][  0]LogConfig: Setting CVar [[r.MotionBlurQuality:4]]
[2019.08.27-19.10.48:397][  0]LogConfig: Setting CVar [[r.AmbientOcclusionMipLevelFactor:0.4]]
[2019.08.27-19.10.48:397][  0]LogConfig: Setting CVar [[r.AmbientOcclusionMaxQuality:100]]
[2019.08.27-19.10.48:397][  0]LogConfig: Setting CVar [[r.AmbientOcclusionLevels:-1]]
[2019.08.27-19.10.48:397][  0]LogConfig: Setting CVar [[r.AmbientOcclusionRadiusScale:1.0]]
[2019.08.27-19.10.48:397][  0]LogConfig: Setting CVar [[r.DepthOfFieldQuality:4]]
[2019.08.27-19.10.48:397][  0]LogConfig: Setting CVar [[r.RenderTargetPoolMin:1000]]
[2019.08.27-19.10.48:397][  0]LogConfig: Setting CVar [[r.LensFlareQuality:3]]
[2019.08.27-19.10.48:397][  0]LogConfig: Setting CVar [[r.SceneColorFringeQuality:1]]
[2019.08.27-19.10.48:397][  0]LogConfig: Setting CVar [[r.EyeAdaptationQuality:2]]
[2019.08.27-19.10.48:397][  0]LogConfig: Setting CVar [[r.BloomQuality:5]]
[2019.08.27-19.10.48:397][  0]LogConfig: Setting CVar [[r.FastBlurThreshold:100]]
[2019.08.27-19.10.48:397][  0]LogConfig: Setting CVar [[r.Upscale.Quality:3]]
[2019.08.27-19.10.48:397][  0]LogConfig: Setting CVar [[r.Tonemapper.GrainQuantization:1]]
[2019.08.27-19.10.48:397][  0]LogConfig: Setting CVar [[r.LightShaftQuality:1]]
[2019.08.27-19.10.48:397][  0]LogConfig: Setting CVar [[r.Filter.SizeScale:1]]
[2019.08.27-19.10.48:397][  0]LogConfig: Setting CVar [[r.Tonemapper.Quality:5]]
[2019.08.27-19.10.48:397][  0]LogConfig: Setting CVar [[r.DOF.Gather.AccumulatorQuality:1        ; higher gathering accumulator quality]]
[2019.08.27-19.10.48:397][  0]LogConfig: Setting CVar [[r.DOF.Gather.PostfilterMethod:1          ; Median3x3 postfilering method]]
[2019.08.27-19.10.48:397][  0]LogConfig: Setting CVar [[r.DOF.Gather.EnableBokehSettings:1       ; bokeh simulation when gathering]]
[2019.08.27-19.10.48:397][  0]LogConfig: Setting CVar [[r.DOF.Gather.RingCount:5                 ; high number of samples when gathering]]
[2019.08.27-19.10.48:397][  0]LogConfig: Setting CVar [[r.DOF.Scatter.ForegroundCompositing:1    ; additive foreground scattering]]
[2019.08.27-19.10.48:397][  0]LogConfig: Setting CVar [[r.DOF.Scatter.BackgroundCompositing:2    ; background scattering occlusion]]
[2019.08.27-19.10.48:397][  0]LogConfig: Setting CVar [[r.DOF.Scatter.EnableBokehSettings:1      ; no bokeh simulation when scattering]]
[2019.08.27-19.10.48:397][  0]LogConfig: Setting CVar [[r.DOF.Scatter.MaxSpriteRatio:0.1         ; only a maximum of 10% of scattered bokeh]]
[2019.08.27-19.10.48:397][  0]LogConfig: Setting CVar [[r.DOF.Recombine.Quality:2                ; highest slight out of focus]]
[2019.08.27-19.10.48:397][  0]LogConfig: Setting CVar [[r.DOF.Recombine.EnableBokehSettings:1    ; bokeh simulation on slight out of focus]]
[2019.08.27-19.10.48:397][  0]LogConfig: Setting CVar [[r.DOF.TemporalAAQuality:1                ; more stable temporal accumulation]]
[2019.08.27-19.10.48:397][  0]LogConfig: Setting CVar [[r.DOF.Kernel.MaxForegroundRadius:0.025]]
[2019.08.27-19.10.48:397][  0]LogConfig: Setting CVar [[r.DOF.Kernel.MaxBackgroundRadius:0.025]]
[2019.08.27-19.10.48:397][  0]LogConfig: Applying CVar settings from Section [TextureQuality@Cine] File [C:/Project 2/Project Files/PreojectFoil/ProjectFoil/Saved/Config/Windows/Scalability.ini]
[2019.08.27-19.10.48:397][  0]LogConfig: Setting CVar [[r.Streaming.MipBias:0]]
[2019.08.27-19.10.48:397][  0]LogConfig: Setting CVar [[r.Streaming.AmortizeCPUToGPUCopy:0]]
[2019.08.27-19.10.48:397][  0]LogConfig: Setting CVar [[r.Streaming.MaxNumTexturesToStreamPerFrame:0]]
[2019.08.27-19.10.48:397][  0]LogConfig: Setting CVar [[r.Streaming.Boost:1]]
[2019.08.27-19.10.48:397][  0]LogConfig: Setting CVar [[r.MaxAnisotropy:8]]
[2019.08.27-19.10.48:397][  0]LogConfig: Setting CVar [[r.Streaming.LimitPoolSizeToVRAM:0]]
[2019.08.27-19.10.48:397][  0]LogConfig: Setting CVar [[r.Streaming.PoolSize:3000]]
[2019.08.27-19.10.48:397][  0]LogConfig: Setting CVar [[r.Streaming.MaxEffectiveScreenSize:0]]
[2019.08.27-19.10.48:397][  0]LogConfig: Applying CVar settings from Section [EffectsQuality@Cine] File [C:/Project 2/Project Files/PreojectFoil/ProjectFoil/Saved/Config/Windows/Scalability.ini]
[2019.08.27-19.10.48:397][  0]LogConfig: Setting CVar [[r.TranslucencyLightingVolumeDim:64]]
[2019.08.27-19.10.48:397][  0]LogConfig: Setting CVar [[r.RefractionQuality:2]]
[2019.08.27-19.10.48:398][  0]LogConfig: Setting CVar [[r.SSR.Quality:4]]
[2019.08.27-19.10.48:398][  0]LogConfig: Setting CVar [[r.SceneColorFormat:4]]
[2019.08.27-19.10.48:398][  0]LogConfig: Setting CVar [[r.DetailMode:2]]
[2019.08.27-19.10.48:398][  0]LogConfig: Setting CVar [[r.TranslucencyVolumeBlur:1]]
[2019.08.27-19.10.48:398][  0]LogConfig: Setting CVar [[r.MaterialQualityLevel:1 ; High quality]]
[2019.08.27-19.10.48:398][  0]LogConfig: Setting CVar [[r.SSS.Scale:1]]
[2019.08.27-19.10.48:398][  0]LogConfig: Setting CVar [[r.SSS.SampleSet:2]]
[2019.08.27-19.10.48:398][  0]LogConfig: Setting CVar [[r.SSS.Quality:1]]
[2019.08.27-19.10.48:398][  0]LogConfig: Setting CVar [[r.SSS.HalfRes:0]]
[2019.08.27-19.10.48:398][  0]LogConfig: Setting CVar [[r.EmitterSpawnRateScale:1.0]]
[2019.08.27-19.10.48:398][  0]LogConfig: Setting CVar [[r.ParticleLightQuality:2]]
[2019.08.27-19.10.48:398][  0]LogConfig: Applying CVar settings from Section [FoliageQuality@Cine] File [C:/Project 2/Project Files/PreojectFoil/ProjectFoil/Saved/Config/Windows/Scalability.ini]
[2019.08.27-19.10.48:398][  0]LogConfig: Setting CVar [[foliage.DensityScale:1.0]]
[2019.08.27-19.10.48:398][  0]LogConfig: Setting CVar [[grass.DensityScale:1.0]]
[2019.08.27-19.10.48:398][  0]LogConfig: Applying CVar settings from Section [Startup] File [../../../Engine/Config/ConsoleVariables.ini]
[2019.08.27-19.10.48:398][  0]LogConfig: Setting CVar [[net.UseAdaptiveNetUpdateFrequency:0]]
[2019.08.27-19.10.48:398][  0]LogConfig: Setting CVar [[p.chaos.AllowCreatePhysxBodies:1]]
[2019.08.27-19.10.48:398][  0]LogConfig: Applying CVar settings from Section [ConsoleVariables] File [C:/Project 2/Project Files/PreojectFoil/ProjectFoil/Saved/Config/Windows/Engine.ini]
[2019.08.27-19.10.48:398][  0]LogInit: Computer: eae-z390-33
[2019.08.27-19.10.48:398][  0]LogInit: User: u1206656
[2019.08.27-19.10.48:398][  0]LogInit: CPU Page size=4096, Cores=8
[2019.08.27-19.10.48:398][  0]LogInit: High frequency timer resolution =10.000000 MHz
[2019.08.27-19.10.48:398][  0]LogMemory: Memory total: Physical=31.9GB (32GB approx)
[2019.08.27-19.10.48:398][  0]LogMemory: Platform Memory Stats for Windows
[2019.08.27-19.10.48:398][  0]LogMemory: Process Physical Memory: 101.60 MB used, 101.61 MB peak
[2019.08.27-19.10.48:398][  0]LogMemory: Process Virtual Memory: 93.41 MB used, 93.41 MB peak
[2019.08.27-19.10.48:398][  0]LogMemory: Physical Memory: 11219.52 MB used,  21407.99 MB free, 32627.51 MB total
[2019.08.27-19.10.48:398][  0]LogMemory: Virtual Memory: 4650.70 MB used,  134213080.00 MB free, 134217728.00 MB total
[2019.08.27-19.10.48:415][  0]LogInit: Using OS detected language (en-US).
[2019.08.27-19.10.48:415][  0]LogInit: Using OS detected locale (en-US).
[2019.08.27-19.10.48:416][  0]LogTextLocalizationManager: No specific localization for 'en-US' exists, so the 'en' localization will be used.
[2019.08.27-19.10.48:534][  0]LogInit: Setting process to per monitor DPI aware
[2019.08.27-19.10.48:560][  0]LogSlate: New Slate User Created.  User Index 0, Is Virtual User: 0
[2019.08.27-19.10.48:560][  0]LogSlate: Slate User Registered.  User Index 0, Is Virtual User: 0
[2019.08.27-19.10.48:676][  0]LogHMD: Failed to initialize OpenVR with code 110
[2019.08.27-19.10.48:676][  0]LogD3D11RHI: D3D11 adapters:
[2019.08.27-19.10.48:731][  0]LogD3D11RHI:    0. 'NVIDIA GeForce RTX 2060' (Feature Level 11_0)
[2019.08.27-19.10.48:731][  0]LogD3D11RHI:       5980/0/16313 MB DedicatedVideo/DedicatedSystem/SharedSystem, Outputs:2, VendorId:0x10de
[2019.08.27-19.10.48:753][  0]LogD3D11RHI:    1. 'Intel(R) UHD Graphics 630' (Feature Level 11_0)
[2019.08.27-19.10.48:753][  0]LogD3D11RHI:       128/0/16313 MB DedicatedVideo/DedicatedSystem/SharedSystem, Outputs:0, VendorId:0x8086
[2019.08.27-19.10.48:755][  0]LogD3D11RHI:    2. 'Microsoft Basic Render Driver' (Feature Level 11_0)
[2019.08.27-19.10.48:755][  0]LogD3D11RHI:       0/0/16313 MB DedicatedVideo/DedicatedSystem/SharedSystem, Outputs:0, VendorId:0x1414
[2019.08.27-19.10.48:755][  0]LogD3D11RHI: Chosen D3D11 Adapter: 0
[2019.08.27-19.10.48:761][  0]LogD3D11RHI: Creating new Direct3DDevice
[2019.08.27-19.10.48:761][  0]LogD3D11RHI:     GPU DeviceId: 0x1f08 (for the marketing name, search the web for "GPU Device Id")
[2019.08.27-19.10.48:761][  0]LogWindows: EnumDisplayDevices:
[2019.08.27-19.10.48:761][  0]LogWindows:    0. 'NVIDIA GeForce RTX 2060' (P:0 D:1)
[2019.08.27-19.10.48:761][  0]LogWindows:    1. 'NVIDIA GeForce RTX 2060' (P:1 D:1)
[2019.08.27-19.10.48:761][  0]LogWindows:    2. 'NVIDIA GeForce RTX 2060' (P:0 D:0)
[2019.08.27-19.10.48:762][  0]LogWindows:    3. 'NVIDIA GeForce RTX 2060' (P:0 D:0)
[2019.08.27-19.10.48:762][  0]LogWindows:    4. 'Intel(R) UHD Graphics 630' (P:0 D:0)
[2019.08.27-19.10.48:762][  0]LogWindows:    5. 'Intel(R) UHD Graphics 630' (P:0 D:0)
[2019.08.27-19.10.48:762][  0]LogWindows:    6. 'Intel(R) UHD Graphics 630' (P:0 D:0)
[2019.08.27-19.10.48:762][  0]LogWindows: DebugString: PrimaryIsNotTheChoosenAdapter PrimaryIsNotTheChoosenAdapter PrimaryIsNotTheChoosenAdapter FoundDriverCount:4 
[2019.08.27-19.10.48:762][  0]LogD3D11RHI:     Adapter Name: NVIDIA GeForce RTX 2060
[2019.08.27-19.10.48:762][  0]LogD3D11RHI:   Driver Version: 431.60 (internal:26.21.14.3160, unified:431.60)
[2019.08.27-19.10.48:762][  0]LogD3D11RHI:      Driver Date: 7-17-2019
[2019.08.27-19.10.48:762][  0]LogRHI: Texture pool is 4186 MB (70% of 5980 MB)
[2019.08.27-19.10.48:795][  0]LogD3D11RHI: Async texture creation enabled
[2019.08.27-19.10.48:798][  0]LogRendererCore: FGlobalReadBuffer::InitRHI
[2019.08.27-19.10.48:798][  0]LogRendererCore: FGlobalReadBuffer::InitRHI
[2019.08.27-19.10.48:798][  0]LogRendererCore: FGlobalReadBuffer::InitRHI
[2019.08.27-19.10.48:805][  0]LogD3D11RHI: GPU Timing Frequency: 1000.000000 (Debug: 2 1)
[2019.08.27-19.10.49:102][  0]LogTemp: Display: Module 'AllDesktopTargetPlatform' loaded TargetPlatform 'AllDesktop'
[2019.08.27-19.10.49:112][  0]LogTemp: Display: Module 'MacClientTargetPlatform' loaded TargetPlatform 'MacClient'
[2019.08.27-19.10.49:122][  0]LogTemp: Display: Module 'MacNoEditorTargetPlatform' loaded TargetPlatform 'MacNoEditor'
[2019.08.27-19.10.49:132][  0]LogTemp: Display: Module 'MacServerTargetPlatform' loaded TargetPlatform 'MacServer'
[2019.08.27-19.10.49:143][  0]LogTemp: Display: Module 'MacTargetPlatform' loaded TargetPlatform 'Mac'
[2019.08.27-19.10.49:152][  0]LogTemp: Display: Module 'WindowsClientTargetPlatform' loaded TargetPlatform 'WindowsClient'
[2019.08.27-19.10.49:163][  0]LogTemp: Display: Module 'WindowsNoEditorTargetPlatform' loaded TargetPlatform 'WindowsNoEditor'
[2019.08.27-19.10.49:173][  0]LogTemp: Display: Module 'WindowsServerTargetPlatform' loaded TargetPlatform 'WindowsServer'
[2019.08.27-19.10.49:178][  0]LogTemp: Display: Module 'WindowsTargetPlatform' loaded TargetPlatform 'Windows'
[2019.08.27-19.10.49:238][  0]LogTemp: Display: Module 'AndroidTargetPlatform' loaded TargetPlatform 'Android'
[2019.08.27-19.10.49:238][  0]LogTemp: Display: Module 'AndroidTargetPlatform' loaded TargetPlatform 'Android_ASTC'
[2019.08.27-19.10.49:238][  0]LogTemp: Display: Module 'AndroidTargetPlatform' loaded TargetPlatform 'Android_ATC'
[2019.08.27-19.10.49:238][  0]LogTemp: Display: Module 'AndroidTargetPlatform' loaded TargetPlatform 'Android_DXT'
[2019.08.27-19.10.49:238][  0]LogTemp: Display: Module 'AndroidTargetPlatform' loaded TargetPlatform 'Android_ETC1'
[2019.08.27-19.10.49:238][  0]LogTemp: Display: Module 'AndroidTargetPlatform' loaded TargetPlatform 'Android_ETC1a'
[2019.08.27-19.10.49:238][  0]LogTemp: Display: Module 'AndroidTargetPlatform' loaded TargetPlatform 'Android_ETC2'
[2019.08.27-19.10.49:238][  0]LogTemp: Display: Module 'AndroidTargetPlatform' loaded TargetPlatform 'Android_PVRTC'
[2019.08.27-19.10.49:238][  0]LogTemp: Display: Module 'AndroidTargetPlatform' loaded TargetPlatform 'AndroidClient'
[2019.08.27-19.10.49:238][  0]LogTemp: Display: Module 'AndroidTargetPlatform' loaded TargetPlatform 'Android_ASTCClient'
[2019.08.27-19.10.49:238][  0]LogTemp: Display: Module 'AndroidTargetPlatform' loaded TargetPlatform 'Android_ATCClient'
[2019.08.27-19.10.49:238][  0]LogTemp: Display: Module 'AndroidTargetPlatform' loaded TargetPlatform 'Android_DXTClient'
[2019.08.27-19.10.49:238][  0]LogTemp: Display: Module 'AndroidTargetPlatform' loaded TargetPlatform 'Android_ETC1Client'
[2019.08.27-19.10.49:238][  0]LogTemp: Display: Module 'AndroidTargetPlatform' loaded TargetPlatform 'Android_ETC1aClient'
[2019.08.27-19.10.49:238][  0]LogTemp: Display: Module 'AndroidTargetPlatform' loaded TargetPlatform 'Android_ETC2Client'
[2019.08.27-19.10.49:238][  0]LogTemp: Display: Module 'AndroidTargetPlatform' loaded TargetPlatform 'Android_PVRTCClient'
[2019.08.27-19.10.49:238][  0]LogTemp: Display: Module 'AndroidTargetPlatform' loaded TargetPlatform 'Android_Multi'
[2019.08.27-19.10.49:238][  0]LogTemp: Display: Module 'AndroidTargetPlatform' loaded TargetPlatform 'Android_MultiClient'
[2019.08.27-19.10.49:239][  0]LogTemp: Display: Module 'HTML5TargetPlatform' loaded TargetPlatform 'HTML5'
[2019.08.27-19.10.49:279][  0]LogTemp: Display: Module 'IOSTargetPlatform' loaded TargetPlatform 'IOSClient'
[2019.08.27-19.10.49:279][  0]LogTemp: Display: Module 'IOSTargetPlatform' loaded TargetPlatform 'IOS'
[2019.08.27-19.10.49:296][  0]LogTemp: Display: Module 'TVOSTargetPlatform' loaded TargetPlatform 'TVOSClient'
[2019.08.27-19.10.49:296][  0]LogTemp: Display: Module 'TVOSTargetPlatform' loaded TargetPlatform 'TVOS'
[2019.08.27-19.10.49:305][  0]LogTemp: Display: Module 'LinuxClientTargetPlatform' loaded TargetPlatform 'LinuxClient'
[2019.08.27-19.10.49:314][  0]LogTemp: Display: Module 'LinuxNoEditorTargetPlatform' loaded TargetPlatform 'LinuxNoEditor'
[2019.08.27-19.10.49:323][  0]LogTemp: Display: Module 'LinuxServerTargetPlatform' loaded TargetPlatform 'LinuxServer'
[2019.08.27-19.10.49:333][  0]LogTemp: Display: Module 'LinuxTargetPlatform' loaded TargetPlatform 'Linux'
[2019.08.27-19.10.49:365][  0]LogTemp: Display: Module 'LuminTargetPlatform' loaded TargetPlatform 'Lumin'
[2019.08.27-19.10.49:365][  0]LogTemp: Display: Module 'LuminTargetPlatform' loaded TargetPlatform 'LuminClient'
[2019.08.27-19.10.49:365][  0]LogTargetPlatformManager: Display: Building Assets For Windows
[2019.08.27-19.10.49:371][  0]LogAudioDebug: Display: Lib vorbis DLL was dynamically loaded.
[2019.08.27-19.10.49:408][  0]LogShaderCompilers: Guid format shader working directory is -18 characters bigger than the processId version (../../../../../../Project 2/Project Files/PreojectFoil/ProjectFoil/Intermediate/Shaders/WorkingDirectory/19312/).
[2019.08.27-19.10.49:408][  0]LogShaderCompilers: Cleaned the shader compiler working directory 'C:/Users/u1206656/AppData/Local/Temp/UnrealShaderWorkingDir/17C615B1484D2E225EE3EF8731FB60E7/'.
[2019.08.27-19.10.49:410][  0]LogXGEController: Cleaning working directory: C:/Users/u1206656/AppData/Local/Temp/UnrealXGEWorkingDir/
[2019.08.27-19.10.49:410][  0]LogXGEController: Cannot use XGE Controller as Incredibuild is not installed on this machine.
[2019.08.27-19.10.49:410][  0]LogShaderCompilers: Cannot use XGE Shader Compiler as Incredibuild is not installed on this machine.
[2019.08.27-19.10.49:410][  0]LogShaderCompilers: Display: Using Local Shader Compiler.
[2019.08.27-19.10.49:808][  0]LogDerivedDataCache: Display: Max Cache Size: 512 MB
[2019.08.27-19.10.49:846][  0]LogDerivedDataCache: Loaded boot cache 0.04s 76MB C:/Users/u1206656/AppData/Local/UnrealEngine/4.22/DerivedDataCache/Boot.ddc.
[2019.08.27-19.10.49:846][  0]LogDerivedDataCache: Display: Loaded Boot cache: C:/Users/u1206656/AppData/Local/UnrealEngine/4.22/DerivedDataCache/Boot.ddc
[2019.08.27-19.10.49:847][  0]LogDerivedDataCache: FDerivedDataBackendGraph:  Pak pak cache file ../../../../../../Project 2/Project Files/PreojectFoil/ProjectFoil/DerivedDataCache/DDC.ddp not found, will not use a pak cache.
[2019.08.27-19.10.49:847][  0]LogDerivedDataCache: Unable to find inner node Pak for hierarchical cache Hierarchy.
[2019.08.27-19.10.49:847][  0]LogDerivedDataCache: FDerivedDataBackendGraph:  CompressedPak pak cache file ../../../../../../Project 2/Project Files/PreojectFoil/ProjectFoil/DerivedDataCache/Compressed.ddp not found, will not use a pak cache.
[2019.08.27-19.10.49:847][  0]LogDerivedDataCache: Unable to find inner node CompressedPak for hierarchical cache Hierarchy.
[2019.08.27-19.10.49:856][  0]LogDerivedDataCache: Display: Pak cache opened for reading ../../../Engine/DerivedDataCache/Compressed.ddp.
[2019.08.27-19.10.49:856][  0]LogDerivedDataCache: FDerivedDataBackendGraph:  EnterprisePak pak cache file ../../../Enterprise/DerivedDataCache/Compressed.ddp not found, will not use a pak cache.
[2019.08.27-19.10.49:856][  0]LogDerivedDataCache: Unable to find inner node EnterprisePak for hierarchical cache Hierarchy.
[2019.08.27-19.10.49:868][  0]LogDerivedDataCache: Using Local data cache path C:/Users/u1206656/AppData/Local/UnrealEngine/Common/DerivedDataCache: Writable
[2019.08.27-19.10.49:868][  0]LogDerivedDataCache: Shared data cache path not found in *engine.ini, will not use an Shared cache.
[2019.08.27-19.10.49:868][  0]LogDerivedDataCache: Unable to find inner node Shared for hierarchical cache Hierarchy.
[2019.08.27-19.10.49:883][  0]LogMaterial: Verifying Global Shaders for PCD3D_SM5
[2019.08.27-19.10.49:884][  0]LogSlate: Using FreeType 2.6.0
[2019.08.27-19.10.49:885][  0]LogSlate: SlateFontServices - WITH_FREETYPE: 1, WITH_HARFBUZZ: 1
[2019.08.27-19.10.49:950][  0]LogAssetRegistry: FAssetRegistry took 0.0303 seconds to start up
[2019.08.27-19.10.50:179][  0]LogInit: Selected Device Profile: [Windows]
[2019.08.27-19.10.50:279][  0]LogMeshReduction: Using QuadricMeshReduction for automatic static mesh reduction
[2019.08.27-19.10.50:279][  0]LogMeshReduction: Using SimplygonMeshReduction for automatic skeletal mesh reduction
[2019.08.27-19.10.50:279][  0]LogMeshReduction: Using ProxyLODMeshReduction for automatic mesh merging
[2019.08.27-19.10.50:279][  0]LogMeshReduction: No distributed automatic mesh merging module available
[2019.08.27-19.10.50:279][  0]LogMeshMerging: No distributed automatic mesh merging module available
[2019.08.27-19.10.50:287][  0]LogNetVersion: ProjectFoil 1.0.0, NetCL: 5660361, EngineNetVer: 10, GameNetVer: 0 (Checksum: 2349244786)
[2019.08.27-19.10.50:577][  0]LogPackageLocalizationCache: Processed 10 localized package path(s) for 1 prioritized culture(s) in 0.032333 seconds
[2019.08.27-19.10.50:581][  0]LogUObjectArray: 42205 objects as part of root set at end of initial load.
[2019.08.27-19.10.50:581][  0]LogUObjectAllocator: 7325032 out of 0 bytes used by permanent object pool.
[2019.08.27-19.10.50:581][  0]LogUObjectArray: CloseDisregardForGC: 0/0 objects in disregard for GC pool
[2019.08.27-19.10.51:160][  0]LogTcpMessaging: Initializing TcpMessaging bridge
[2019.08.27-19.10.51:172][  0]LogUdpMessaging: Initializing bridge on interface 0.0.0.0:0 to multicast group 230.0.0.1:6666.
[2019.08.27-19.10.51:305][  0]LogStats: UGameplayTagsManager::InitializeManager -  0.000 s
[2019.08.27-19.10.51:376][  0]SourceControl: Source control is disabled
[2019.08.27-19.10.51:376][  0]SourceControl: Source control is disabled
[2019.08.27-19.10.51:377][  0]SourceControl: Source control is disabled
[2019.08.27-19.10.51:378][  0]SourceControl: Source control is disabled
[2019.08.27-19.10.51:427][  0]LogAndroidPermission: UAndroidPermissionCallbackProxy::GetInstance
[2019.08.27-19.10.51:505][  0]LogOcInput: OculusInput pre-init called
[2019.08.27-19.10.51:990][  0]LogEngine: Initializing Engine...
[2019.08.27-19.10.51:991][  0]LogHMD: Failed to initialize OpenVR with code 110
[2019.08.27-19.10.52:140][  0]LogInit: Initializing FReadOnlyCVARCache
[2019.08.27-19.10.52:150][  0]LogAIModule: Creating AISystem for world Untitled
[2019.08.27-19.10.52:167][  0]LogInit: XAudio2 using 'Digital Audio (S/PDIF) (3- High Definition Audio Device)' : 2 channels at 48 kHz using 16 bits per sample (channel mask 0x3)
[2019.08.27-19.10.52:213][  0]LogInit: FAudioDevice initialized.
[2019.08.27-19.10.52:213][  0]LogNetVersion: Set ProjectVersion to 1.0.0.0. Version Checksum will be recalculated on next use.
[2019.08.27-19.10.52:250][  0]LogDerivedDataCache: Saved boot cache 0.04s 76MB C:/Users/u1206656/AppData/Local/UnrealEngine/4.22/DerivedDataCache/Boot.ddc.
[2019.08.27-19.10.52:257][  0]LogInit: Texture streaming: Enabled
[2019.08.27-19.10.52:270][  0]LogEngineSessionManager: EngineSessionManager initialized
[2019.08.27-19.10.52:286][  0]LogInit: Transaction tracking system initialized
[2019.08.27-19.10.52:305][  0]BlueprintLog: New page: Editor Load
[2019.08.27-19.10.52:367][  0]LocalizationService: Localization service is disabled
[2019.08.27-19.10.52:580][  0]LogFileCache: Scanning file cache for directory 'C:/Project 2/Project Files/PreojectFoil/ProjectFoil/Content/' took 0.01s
[2019.08.27-19.10.52:580][  0]LogCook: Display: Max memory allowance for cook 16384mb min free memory 0mb
[2019.08.27-19.10.52:580][  0]LogCook: Display: Mobile HDR setting 1
[2019.08.27-19.10.52:703][  0]SourceControl: Source control is disabled
[2019.08.27-19.10.52:703][  0]Cmd: MAP LOAD FILE="../../../../../../Project 2/Project Files/PreojectFoil/ProjectFoil/Content/FirstPersonCPP/Maps/FirstPersonExampleMap.umap" TEMPLATE=0 SHOWPROGRESS=1 FEATURELEVEL=3
[2019.08.27-19.10.52:703][  0]LightingResults: New page: Lighting Build
[2019.08.27-19.10.52:705][  0]MapCheck: New page: Map Check
[2019.08.27-19.10.52:705][  0]LightingResults: New page: Lighting Build
[2019.08.27-19.10.52:728][  0]LogUObjectHash: Compacting FUObjectHashTables data took   1.48ms
[2019.08.27-19.10.53:478][  0]LogTexture: Display: Building textures: paddedShell_01_InnerSeprator_OcclusionRoughnessMetallic (AutoDXT, 2048X2048)
[2019.08.27-19.10.53:478][  0]LogTexture: Display: Building textures: paddedShell_01_InnerSeprator_BaseColor (AutoDXT, 2048X2048)
[2019.08.27-19.10.53:478][  0]LogTexture: Display: Building textures: paddedShell_01_InnerSeprator_Normal (BC5, 2048X2048)
[2019.08.27-19.10.53:478][  0]LogMaterial: Display: Missing cached shader map for material InnerSeprator, compiling. 
[2019.08.27-19.10.53:544][  0]LogAIModule: Creating AISystem for world FirstPersonExampleMap
[2019.08.27-19.10.53:557][  0]LogEditorServer: Finished looking for orphan Actors (0.000 secs)
[2019.08.27-19.10.53:579][  0]LogUObjectHash: Compacting FUObjectHashTables data took   1.43ms
[2019.08.27-19.10.53:580][  0]Cmd: MAP CHECKDEP NOCLEARLOG
[2019.08.27-19.10.53:580][  0]MapCheck: Map check complete: 0 Error(s), 0 Warning(s), took 0.104ms to complete.
[2019.08.27-19.10.53:580][  0]LogFileHelpers: Loading map 'FirstPersonExampleMap' took 0.877
[2019.08.27-19.10.53:672][  0]LogSlate: Updating window title bar state: overlay mode, drag disabled, window buttons hidden, title bar hidden
[2019.08.27-19.10.53:677][  0]LogSlate: Updating window title bar state: overlay mode, drag disabled, window buttons hidden, title bar hidden
[2019.08.27-19.10.53:682][  0]LogSlate: Updating window title bar state: overlay mode, drag disabled, window buttons hidden, title bar hidden
[2019.08.27-19.10.53:688][  0]LogSlate: Updating window title bar state: overlay mode, drag disabled, window buttons hidden, title bar hidden
[2019.08.27-19.10.53:693][  0]LogCollectionManager: Loaded 0 collections in 0.001329 seconds
[2019.08.27-19.10.53:707][  0]LogFileCache: Scanning file cache for directory 'C:/Project 2/Project Files/PreojectFoil/ProjectFoil/Saved/Collections/' took 0.01s
[2019.08.27-19.10.53:707][  0]LogFileCache: Scanning file cache for directory 'C:/Project 2/Project Files/PreojectFoil/ProjectFoil/Content/Developers/u1206656/Collections/' took 0.00s
[2019.08.27-19.10.53:707][  0]LogFileCache: Scanning file cache for directory 'C:/Project 2/Project Files/PreojectFoil/ProjectFoil/Content/Collections/' took 0.00s
[2019.08.27-19.10.53:707][  0]LogCollectionManager: Rebuilt the GUID cache for 0 collections in 0.000000 seconds
[2019.08.27-19.10.53:714][  0]LogContentBrowser: Native class hierarchy populated in 0.0064 seconds. Added 2736 classes and 661 folders.
[2019.08.27-19.10.53:719][  0]LogContentBrowser: Native class hierarchy updated for 'WidgetCarousel' in 0.0003 seconds. Added 0 classes and 0 folders.
[2019.08.27-19.10.53:720][  0]LogPakFile: Registered encryption key '00000000000000000000000000000000': 0 pak files mounted, 0 remain pending
[2019.08.27-19.10.53:720][  0]LogPakFile: Registered encryption key '00000000000000000000000000000000': 0 pak files mounted, 0 remain pending
[2019.08.27-19.10.53:720][  0]LogPakFile: Registered encryption key '00000000000000000000000000000000': 0 pak files mounted, 0 remain pending
[2019.08.27-19.10.53:721][  0]LogPakFile: Registered encryption key '00000000000000000000000000000000': 0 pak files mounted, 0 remain pending
[2019.08.27-19.10.53:721][  0]LogPakFile: Registered encryption key '00000000000000000000000000000000': 0 pak files mounted, 0 remain pending
[2019.08.27-19.10.53:721][  0]LogPakFile: Registered encryption key '00000000000000000000000000000000': 0 pak files mounted, 0 remain pending
[2019.08.27-19.10.53:722][  0]LogPakFile: Registered encryption key '00000000000000000000000000000000': 0 pak files mounted, 0 remain pending
[2019.08.27-19.10.53:722][  0]LogPakFile: Registered encryption key '00000000000000000000000000000000': 0 pak files mounted, 0 remain pending
[2019.08.27-19.10.53:722][  0]LogPakFile: Registered encryption key '00000000000000000000000000000000': 0 pak files mounted, 0 remain pending
[2019.08.27-19.10.53:723][  0]LogPakFile: Registered encryption key '00000000000000000000000000000000': 0 pak files mounted, 0 remain pending
[2019.08.27-19.10.53:723][  0]LogPakFile: Registered encryption key '00000000000000000000000000000000': 0 pak files mounted, 0 remain pending
[2019.08.27-19.10.53:723][  0]LogPakFile: Registered encryption key '00000000000000000000000000000000': 0 pak files mounted, 0 remain pending
[2019.08.27-19.10.53:724][  0]LogPakFile: Registered encryption key '00000000000000000000000000000000': 0 pak files mounted, 0 remain pending
[2019.08.27-19.10.53:724][  0]LogPakFile: Registered encryption key '00000000000000000000000000000000': 0 pak files mounted, 0 remain pending
[2019.08.27-19.10.53:724][  0]LogPakFile: Registered encryption key '00000000000000000000000000000000': 0 pak files mounted, 0 remain pending
[2019.08.27-19.10.53:725][  0]LogPakFile: Registered encryption key '00000000000000000000000000000000': 0 pak files mounted, 0 remain pending
[2019.08.27-19.10.53:725][  0]LogPakFile: Registered encryption key '00000000000000000000000000000000': 0 pak files mounted, 0 remain pending
[2019.08.27-19.10.53:725][  0]LogPakFile: Registered encryption key '00000000000000000000000000000000': 0 pak files mounted, 0 remain pending
[2019.08.27-19.10.53:725][  0]LogPakFile: Registered encryption key '00000000000000000000000000000000': 0 pak files mounted, 0 remain pending
[2019.08.27-19.10.53:726][  0]LogPakFile: Registered encryption key '00000000000000000000000000000000': 0 pak files mounted, 0 remain pending
[2019.08.27-19.10.53:726][  0]LogPakFile: Registered encryption key '00000000000000000000000000000000': 0 pak files mounted, 0 remain pending
[2019.08.27-19.10.53:726][  0]LogPakFile: Registered encryption key '00000000000000000000000000000000': 0 pak files mounted, 0 remain pending
[2019.08.27-19.10.53:727][  0]LogPakFile: Registered encryption key '00000000000000000000000000000000': 0 pak files mounted, 0 remain pending
[2019.08.27-19.10.53:727][  0]LogPakFile: Registered encryption key '00000000000000000000000000000000': 0 pak files mounted, 0 remain pending
[2019.08.27-19.10.53:728][  0]LogPakFile: Registered encryption key '00000000000000000000000000000000': 0 pak files mounted, 0 remain pending
[2019.08.27-19.10.53:728][  0]LogPakFile: Registered encryption key '00000000000000000000000000000000': 0 pak files mounted, 0 remain pending
[2019.08.27-19.10.53:748][  0]LogContentBrowser: Native class hierarchy updated for 'AddContentDialog' in 0.0003 seconds. Added 0 classes and 0 folders.
[2019.08.27-19.10.53:753][  0]LogContentBrowser: Native class hierarchy updated for 'SceneOutliner' in 0.0003 seconds. Added 1 classes and 2 folders.
[2019.08.27-19.10.53:809][  0]LogSlate: Took 0.000127 seconds to synchronously load lazily loaded font '../../../Engine/Content/Slate/Fonts/Roboto-Regular.ttf' (155K)
[2019.08.27-19.10.53:810][  0]LogSlate: Took 0.000118 seconds to synchronously load lazily loaded font '../../../Engine/Content/Slate/Fonts/Roboto-Bold.ttf' (160K)
[2019.08.27-19.10.53:813][  0]LogSlate: Took 0.000126 seconds to synchronously load lazily loaded font '../../../Engine/Content/Editor/Slate/Fonts/FontAwesome.ttf' (139K)
[2019.08.27-19.10.53:864][  0]LogRenderer: Reallocating scene render targets to support 1032x572 Format 10 NumSamples 1 (Frame:1).
[2019.08.27-19.10.53:890][  0]LogSlate: Took 0.000123 seconds to synchronously load lazily loaded font '../../../Engine/Content/Slate/Fonts/Roboto-Light.ttf' (167K)
[2019.08.27-19.10.53:947][  0]LogContentBrowser: Native class hierarchy updated for 'HierarchicalLODOutliner' in 0.0003 seconds. Added 0 classes and 0 folders.
[2019.08.27-19.10.53:947][  0]LogLoad: (Engine Initialization) Total time: 6.90 seconds
[2019.08.27-19.10.53:947][  0]LogLoad: (Engine Initialization) Total Blueprint compile time: 0.00 seconds
[2019.08.27-19.10.54:044][  0]LogAssetRegistry: Asset discovery search completed in 4.1166 seconds
[2019.08.27-19.10.54:046][  0]LogCollectionManager: Rebuilt the object cache for 0 collections in 0.000000 seconds (found 0 objects)
[2019.08.27-19.10.54:046][  0]LogCollectionManager: Fixed up redirectors for 0 collections in 0.000051 seconds (updated 0 objects)
[2019.08.27-19.10.54:049][  0]LogContentStreaming: Texture pool size now 3000 MB
[2019.08.27-19.10.58:049][467]LogSlate: FSceneViewport::OnFocusLost() reason 0
[2019.08.27-19.10.59:699][664]LogSlate: Took 0.000126 seconds to synchronously load lazily loaded font '../../../Engine/Content/Slate/Fonts/Roboto-Light.ttf' (167K)
[2019.08.27-19.10.59:753][664]LogLinker: Warning: Can't find file '/Game/Materials/Floor_03_Masked_6'
[2019.08.27-19.10.59:753][664]LogLinker: Warning: Can't find file for asset '/Game/Materials/Floor_03_Masked_6' while loading NULL.
[2019.08.27-19.10.59:753][664]LogLinker: Warning: Can't find file '/Game/Materials/Floor_03_Masked_Opacity'
[2019.08.27-19.10.59:753][664]LogLinker: Warning: Can't find file for asset '/Game/Materials/Floor_03_Masked_Opacity' while loading NULL.
[2019.08.27-19.10.59:753][664]LogLinker: Warning: Can't find file '/Game/Materials/Floor_03_Masked_6'
[2019.08.27-19.10.59:753][664]LogLinker: Warning: Can't find file for asset '/Game/Materials/Floor_03_Masked_6' while loading NULL.
[2019.08.27-19.10.59:753][664]LogLinker: Warning: Can't find file '/Game/Materials/Floor_03_Masked_Opacity'
[2019.08.27-19.10.59:753][664]LogLinker: Warning: Can't find file for asset '/Game/Materials/Floor_03_Masked_Opacity' while loading NULL.
[2019.08.27-19.10.59:813][664]LogTexture: Display: Building textures: Storage_Shell_02_Interactable_Box_Emissive (AutoDXT, 1024X1024)
[2019.08.27-19.10.59:813][664]LogLinker: Warning: Can't find file '/Game/Materials/Floor_03_Masked_6'
[2019.08.27-19.10.59:813][664]LoadErrors: Failed to load /Game/Materials/Floor_03_Masked_6.Floor_03_Masked_6 Referenced by Floor_03
[2019.08.27-19.10.59:813][664]LogLinker: Warning: Can't find file for asset '/Game/Materials/Floor_03_Masked_6' while loading NULL.
[2019.08.27-19.10.59:813][664]LogLinker: Warning: Can't find file '/Game/Materials/Floor_03_Masked_Opacity'
[2019.08.27-19.10.59:813][664]LoadErrors: Failed to load /Game/Materials/Floor_03_Masked_Opacity.Floor_03_Masked_Opacity Referenced by Floor_03
[2019.08.27-19.10.59:814][664]LogLinker: Warning: Can't find file for asset '/Game/Materials/Floor_03_Masked_Opacity' while loading NULL.
[2019.08.27-19.10.59:814][664]LogLinker: Warning: Can't find file '/Game/Materials/Floor_03_Masked_6'
[2019.08.27-19.10.59:814][664]LogLinker: Warning: Can't find file for asset '/Game/Materials/Floor_03_Masked_6' while loading NULL.
[2019.08.27-19.10.59:814][664]LogLinker: Warning: Can't find file '/Game/Materials/Floor_03_Masked_6'
[2019.08.27-19.10.59:814][664]LogLinker: Warning: Can't find file for asset '/Game/Materials/Floor_03_Masked_6' while loading NULL.
[2019.08.27-19.10.59:814][664]LogLinker: Warning: Can't find file '/Game/Materials/Floor_03_Masked_Opacity'
[2019.08.27-19.10.59:814][664]LogLinker: Warning: Can't find file for asset '/Game/Materials/Floor_03_Masked_Opacity' while loading NULL.
[2019.08.27-19.10.59:814][664]LogLinker: Warning: Can't find file '/Game/Materials/Floor_03_Masked_6'
[2019.08.27-19.10.59:814][664]LogLinker: Warning: Can't find file for asset '/Game/Materials/Floor_03_Masked_6' while loading NULL.
[2019.08.27-19.10.59:833][664]LogTexture: Display: Building textures: Storage_Shell_02_Interactable_Box_BaseColor (AutoDXT, 1024X1024)
[2019.08.27-19.10.59:834][664]LogTexture: Display: Building textures: Storage_Shell_02_Interactable_Box_Normal (BC5, 1024X1024)
[2019.08.27-19.10.59:834][664]LogStaticMesh: Building static mesh StorageShell_F_Unreal_window_polySurface90...
[2019.08.27-19.10.59:874][664]LogTexture: Display: Building textures: Storage_Shell_02_Interactable_Box_OcclusionRoughnessMetallic (AutoDXT, 1024X1024)
[2019.08.27-19.10.59:874][664]LogStaticMesh: Built static mesh [0.04s] /Game/Geometry/Shell_Sections/Storage/StorageShell_F_Unreal_window_polySurface90.StorageShell_F_Unreal_window_polySurface90
[2019.08.27-19.11.00:957][664]LogTexture: Display: Building textures: T_Pipes_A_N_normals (BC5, 2048X2048)
[2019.08.27-19.11.00:957][664]LogTexture: Display: Building textures: T_Pipes_B_normals (BC5, 4096X4096)
[2019.08.27-19.11.00:957][664]LogTexture: Display: Building textures: T_Pipes_A_Diff (AutoDXT, 2048X2048)
[2019.08.27-19.11.00:957][664]LogTexture: Display: Building textures: T_Pipe_B_Diff (AutoDXT, 4096X4096)
[2019.08.27-19.11.00:957][664]LogTexture: Display: Building textures: Storage_Shell_02_Window_inner_piece_OcclusionRoughnessMetallic (AutoDXT, 1024X1024)
[2019.08.27-19.11.00:957][664]LogTexture: Display: Building textures: Storage_Shell_02_Window_inner_piece_Normal (BC5, 1024X1024)
[2019.08.27-19.11.00:957][664]LogTexture: Display: Building textures: Storage_Shell_02_Window_inner_piece_BaseColor (AutoDXT, 1024X1024)
[2019.08.27-19.11.00:957][664]LogMaterial: Display: Missing cached shader map for material Interactable_Box, compiling. 
[2019.08.27-19.11.00:966][664]LogStaticMesh: Building static mesh StorageShell_F_Unreal_window_polySurface86...
[2019.08.27-19.11.00:972][664]LogStaticMesh: Built static mesh [0.01s] /Game/Geometry/Shell_Sections/Storage/StorageShell_F_Unreal_window_polySurface86.StorageShell_F_Unreal_window_polySurface86
[2019.08.27-19.11.00:976][664]LogStaticMesh: Building static mesh StorageShell_F_Unreal_window_polySurface84...
[2019.08.27-19.11.01:047][664]LogTexture: Display: Building textures: Storage_Shell_02_WallPiece_InnerColumn_OcclusionRoughnessMetallic (AutoDXT, 1024X1024)
[2019.08.27-19.11.01:047][664]LogStaticMesh: Built static mesh [0.07s] /Game/Geometry/Shell_Sections/Storage/StorageShell_F_Unreal_window_polySurface84.StorageShell_F_Unreal_window_polySurface84
[2019.08.27-19.11.01:056][664]LogMaterial: Display: Missing cached shader map for material wallpiece_2, compiling. 
[2019.08.27-19.11.05:750][664]LogTexture: Display: Building textures: Storage_Shell_02_WallPiece_InnerColumn_Normal (BC5, 1024X1024)
[2019.08.27-19.11.05:750][664]LogTexture: Display: Building textures: Storage_Shell_02_WallPiece_InnerColumn_BaseColor (AutoDXT, 1024X1024)
[2019.08.27-19.11.05:750][664]LogTexture: Display: Building textures: Storage_Shell_02_Storage_OuterShell_BaseColor (AutoDXT, 1024X1024)
[2019.08.27-19.11.05:750][664]LogTexture: Display: Building textures: Storage_Shell_02_Storage_InnerShell_OcclusionRoughnessMetallic (AutoDXT, 2048X2048)
[2019.08.27-19.11.05:750][664]LogTexture: Display: Building textures: Storage_Shell_02_Storage_OuterShell_OcclusionRoughnessMetallic (AutoDXT, 1024X1024)
[2019.08.27-19.11.05:750][664]LogTexture: Display: Building textures: Storage_Shell_02_Storage_OuterShell_Normal (BC5, 1024X1024)
[2019.08.27-19.11.05:751][664]LogTexture: Display: Building textures: Storage_Shell_02_WallPiece_ServerBox_Emissive (AutoDXT, 2048X2048)
[2019.08.27-19.11.05:751][664]LogTexture: Display: Building textures: Storage_Shell_02_WallPiece_ServerBox_Normal (BC5, 2048X2048)
[2019.08.27-19.11.05:751][664]LogTexture: Display: Building textures: Storage_Shell_02_WallPiece_ServerBox_BaseColor (AutoDXT, 2048X2048)
[2019.08.27-19.11.05:751][664]LogTexture: Display: Building textures: Storage_Shell_02_WallPiece_ServerBox_OcclusionRoughnessMetallic (AutoDXT, 2048X2048)
[2019.08.27-19.11.05:751][664]LogTexture: Display: Building textures: Storage_Shell_02_Storage_InnerShell_Normal (BC5, 2048X2048)
[2019.08.27-19.11.05:751][664]LogTexture: Display: Building textures: Storage_Shell_02_Storage_InnerShell_Emissive (AutoDXT, 2048X2048)
[2019.08.27-19.11.05:751][664]LogTexture: Display: Building textures: Storage_Shell_02_Storage_InnerShell_BaseColor (AutoDXT, 2048X2048)
[2019.08.27-19.11.05:751][664]LogTexture: Display: Building textures: BaseShell_pasted__Storage_OuterShell_OcclusionRoughnessMetallic (AutoDXT, 1024X1024)
[2019.08.27-19.11.05:751][664]LogTexture: Display: Building textures: BaseShell_pasted__Storage_OuterShell_BaseColor (AutoDXT, 1024X1024)
[2019.08.27-19.11.05:751][664]LogTexture: Display: Building textures: BaseShell_pasted__Storage_OuterShell_Normal (BC5, 1024X1024)
[2019.08.27-19.11.05:751][664]LogTexture: Display: Building textures: BaseShell_pasted__Storage_InnerShell_Emissive (AutoDXT, 2048X2048)
[2019.08.27-19.11.05:751][664]LogTexture: Display: Building textures: BaseShell_pasted__Storage_InnerShell_Normal (BC5, 2048X2048)
[2019.08.27-19.11.05:751][664]LogTexture: Display: Building textures: BaseShell_pasted__Storage_InnerShell_OcclusionRoughnessMetallic (AutoDXT, 2048X2048)
[2019.08.27-19.11.05:751][664]LogTexture: Display: Building textures: BaseShell_pasted__Storage_InnerShell_BaseColor (AutoDXT, 2048X2048)
[2019.08.27-19.11.05:751][664]LogMaterial: Display: Missing cached shader map for material M_Base_Pipes, compiling. 
[2019.08.27-19.11.05:763][664]LogStaticMesh: Building static mesh SM_Wall_Pipe_DoorSmall...
[2019.08.27-19.11.05:776][664]LogStaticMesh: Built static mesh [0.01s] /Game/ThirdPartyContent/StarterBundle/ModularSci_Comm/Meshes/SM_Wall_Pipe_DoorSmall.SM_Wall_Pipe_DoorSmall
[2019.08.27-19.11.05:846][664]LogMaterial: Display: Missing cached shader map for material Window_inner_piece, compiling. 
[2019.08.27-19.11.05:866][664]LogStaticMesh: Building static mesh StorageShell_F_Unreal_window_Base_shell1...
[2019.08.27-19.11.05:875][664]LogStaticMesh: Built static mesh [0.01s] /Game/Geometry/Shell_Sections/Storage/StorageShell_F_Unreal_window_Base_shell1.StorageShell_F_Unreal_window_Base_shell1
[2019.08.27-19.11.05:876][664]LogStaticMesh: Building static mesh StorageShell_F_Unreal_window_Base_shell5...
[2019.08.27-19.11.05:884][664]LogStaticMesh: Built static mesh [0.01s] /Game/Geometry/Shell_Sections/Storage/StorageShell_F_Unreal_window_Base_shell5.StorageShell_F_Unreal_window_Base_shell5
[2019.08.27-19.11.05:887][664]LogMaterial: Display: Missing cached shader map for material WallPiece_InnerColumn, compiling. 
[2019.08.27-19.11.05:896][664]LogStaticMesh: Building static mesh StorageShell_F_Unreal_window_Base_shell2...
[2019.08.27-19.11.05:904][664]LogStaticMesh: Built static mesh [0.01s] /Game/Geometry/Shell_Sections/Storage/StorageShell_F_Unreal_window_Base_shell2.StorageShell_F_Unreal_window_Base_shell2
[2019.08.27-19.11.05:907][664]LogMaterial: Display: Missing cached shader map for material Storage_OuterShell, compiling. 
[2019.08.27-19.11.05:916][664]LogStaticMesh: Building static mesh StorageShell_F_Unreal_window_polySurface82...
[2019.08.27-19.11.05:980][664]LogStaticMesh: Built static mesh [0.07s] /Game/Geometry/Shell_Sections/Storage/StorageShell_F_Unreal_window_polySurface82.StorageShell_F_Unreal_window_polySurface82
[2019.08.27-19.11.05:990][664]LogMaterial: Display: Missing cached shader map for material WallPiece_ServerBox, compiling. 
[2019.08.27-19.11.05:999][664]LogStaticMesh: Building static mesh StorageShell_F_Unreal_window_Base_shell6...
[2019.08.27-19.11.06:000][664]LogStaticMesh: Built static mesh [0.00s] /Game/Geometry/Shell_Sections/Storage/StorageShell_F_Unreal_window_Base_shell6.StorageShell_F_Unreal_window_Base_shell6
[2019.08.27-19.11.06:001][664]LogStaticMesh: Building static mesh StorageShell_F_Unreal_window_pasted__Base_shell...
[2019.08.27-19.11.06:025][664]LogStaticMesh: Built static mesh [0.02s] /Game/Geometry/Shell_Sections/Storage/StorageShell_F_Unreal_window_pasted__Base_shell.StorageShell_F_Unreal_window_pasted__Base_shell
[2019.08.27-19.11.06:032][664]LogMaterial: Display: Missing cached shader map for material glass, compiling. 
[2019.08.27-19.11.06:103][664]LogStaticMesh: Building static mesh BaseShell...
[2019.08.27-19.11.06:121][664]LogStaticMesh: Built static mesh [0.02s] /Game/Geometry/Shell_Sections/BaseShell.BaseShell
[2019.08.27-19.11.06:126][664]LogMaterial: Display: Missing cached shader map for material Storage_InnerShell, compiling. 
[2019.08.27-19.11.06:137][664]LogMaterial: Display: Missing cached shader map for material pasted__Storage_OuterShell, compiling. 
[2019.08.27-19.11.06:149][664]LogMaterial: Display: Missing cached shader map for material pasted__Storage_InnerShell, compiling. 
[2019.08.27-19.11.06:169][664]LogAIModule: Creating AISystem for world Prototype
[2019.08.27-19.11.06:189][664]LogAssetEditorManager: Opening Asset editor for World /Game/Prototype/Maps/Prototype.Prototype
[2019.08.27-19.11.06:213][664]LogUObjectHash: Compacting FUObjectHashTables data took   1.54ms
[2019.08.27-19.11.06:214][664]Cmd: MAP LOAD FILE="../../../../../../Project 2/Project Files/PreojectFoil/ProjectFoil/Content/Prototype/Maps/Prototype.umap" TEMPLATE=0 SHOWPROGRESS=1 FEATURELEVEL=3
[2019.08.27-19.11.06:214][664]LightingResults: New page: Lighting Build
[2019.08.27-19.11.06:215][664]LoadErrors: New page: Loading map: Prototype.umap
[2019.08.27-19.11.06:216][664]MapCheck: New page: Map Check
[2019.08.27-19.11.06:216][664]LightingResults: New page: Lighting Build
[2019.08.27-19.11.06:241][664]LogUObjectHash: Compacting FUObjectHashTables data took   1.48ms
[2019.08.27-19.11.06:331][664]LogEditorServer: Finished looking for orphan Actors (0.000 secs)
[2019.08.27-19.11.06:352][664]LogUObjectHash: Compacting FUObjectHashTables data took   1.55ms
[2019.08.27-19.11.06:377][664]Cmd: MAP CHECKDEP NOCLEARLOG
[2019.08.27-19.11.06:377][664]MapCheck: Map check complete: 0 Error(s), 0 Warning(s), took 0.137ms to complete.
[2019.08.27-19.11.06:377][664]LogFileHelpers: Loading map 'Prototype' took 0.164
[2019.08.27-19.11.45:892][350]Cmd: SELECT NONE
[2019.08.27-19.12.10:446][287]LogEditorViewport: Clicking on Actor (LMB): BaseShell_C (BaseShell3)
[2019.08.27-19.12.11:262][374]LogEditorViewport: Clicking on Actor (LMB): BaseShell_C (BaseShell3)
[2019.08.27-19.12.12:374][502]LogSlate: Took 0.002839 seconds to synchronously load lazily loaded font '../../../Engine/Content/Slate/Fonts/Roboto-Italic.ttf' (157K)
[2019.08.27-19.12.13:209][601]LogSlate: FSceneViewport::OnFocusLost() reason 2
[2019.08.27-19.12.13:680][657]LogSlate: FSceneViewport::OnFocusLost() reason 2
[2019.08.27-19.12.13:682][657]LogAssetEditorManager: Opening Asset editor for Blueprint /Game/BaseShell.BaseShell
[2019.08.27-19.12.13:852][657]LogContentBrowser: Native class hierarchy updated for 'BlueprintGraph' in 0.0005 seconds. Added 121 classes and 0 folders.
[2019.08.27-19.12.14:420][657]LogSlate: Took 0.002954 seconds to synchronously load lazily loaded font '../../../Engine/Content/Slate/Fonts/Roboto-BoldCondensed.ttf' (158K)
[2019.08.27-19.12.16:890][933]LogEditorViewport: Clicking on Actor (LMB): Emitter (P_SmokeGeneric_Lit4)
[2019.08.27-19.12.17:803][ 26]LogSlate: FSceneViewport::OnFocusLost() reason 0
[2019.08.27-19.12.19:398][208]LogSlate: Window 'Select Path' being destroyed
[2019.08.27-19.12.19:768][252]Cmd: SELECT NONE
[2019.08.27-19.12.20:849][371]LogEditorViewport: Clicking on Actor (LMB): paddedShell_C (paddedShell2)
[2019.08.27-19.12.21:892][487]LogSlate: FSceneViewport::OnFocusLost() reason 2
[2019.08.27-19.12.22:357][542]LogSlate: FSceneViewport::OnFocusLost() reason 2
[2019.08.27-19.12.22:358][542]LogAssetEditorManager: Opening Asset editor for Blueprint /Game/paddedShell.paddedShell
[2019.08.27-19.12.26:417][955]LogRenderer: Reallocating scene render targets to support 1144x900 Format 10 NumSamples 1 (Frame:1).
[2019.08.27-19.12.28:182][161]LogSlate: FSceneViewport::OnFocusLost() reason 0
[2019.08.27-19.12.32:085][601]LogSlate: FSceneViewport::OnFocusLost() reason 0
[2019.08.27-19.13.55:310][410]LogSlate: FSceneViewport::OnFocusLost() reason 0
[2019.08.27-19.13.55:404][417]LogUObjectHash: Compacting FUObjectHashTables data took   2.53ms
[2019.08.27-19.13.56:860][417]LogSlate: Window 'Save Content' being destroyed
[2019.08.27-19.13.59:553][725]Cmd: SELECT NONE
[2019.08.27-19.14.04:081][250]LogEditorViewport: Clicking on Actor (LMB): BaseShell_C (BaseShell3)
[2019.08.27-19.14.06:474][532]LogSlate: FSceneViewport::OnFocusLost() reason 2
[2019.08.27-19.14.09:002][820]LogSlate: FSceneViewport::OnFocusLost() reason 0
[2019.08.27-19.14.09:075][829]Cmd: MODE ROTGRID=0
[2019.08.27-19.14.56:251][263]LogSlate: FSceneViewport::OnFocusLost() reason 0
[2019.08.27-19.15.03:530][119]LogSlate: FSceneViewport::OnFocusLost() reason 0
[2019.08.27-19.15.04:805][257]LogEditorTransaction: Undo Edit Intensity
[2019.08.27-19.15.06:879][490]Cmd: SELECT NONE
[2019.08.27-19.15.13:039][219]LogSlate: FSceneViewport::OnFocusLost() reason 2
[2019.08.27-19.15.18:348][828]LogSlate: FSceneViewport::OnFocusLost() reason 0
[2019.08.27-19.15.27:455][884]LogEditorTransaction: Undo Edit Inner Cone Angle
[2019.08.27-19.15.36:086][869]LogEditorViewport: Clicking on Actor (LMB): BaseShell_C (BaseShell3)
[2019.08.27-19.15.37:845][ 65]LogSlate: FSceneViewport::OnFocusLost() reason 0
[2019.08.27-19.15.48:900][274]LogSlate: FSceneViewport::OnFocusLost() reason 2
[2019.08.27-19.16.01:008][644]LogEditorTransaction: Undo Modify Component(s)
[2019.08.27-19.16.02:117][762]LogSlate: FSceneViewport::OnFocusLost() reason 0
[2019.08.27-19.16.33:552][367]LogSlate: FSceneViewport::OnFocusLost() reason 0
[2019.08.27-19.16.33:610][374]BlueprintLog: New page: Compile BaseShell
[2019.08.27-19.16.33:986][374]LogUObjectHash: Compacting FUObjectHashTables data took   2.53ms
[2019.08.27-19.16.34:336][406]Cmd: OBJ SAVEPACKAGE PACKAGE="/Game/BaseShell" FILE="../../../../../../Project 2/Project Files/PreojectFoil/ProjectFoil/Content/BaseShell.uasset" SILENT=true
[2019.08.27-19.16.34:359][406]LogSavePackage: Moving '../../../../../../Project 2/Project Files/PreojectFoil/ProjectFoil/Saved/BaseShell361174EA439096FBE530609CB6504AA0.tmp' to '../../../../../../Project 2/Project Files/PreojectFoil/ProjectFoil/Content/BaseShell.uasset'
[2019.08.27-19.16.35:683][560]LogSlate: FSceneViewport::OnFocusLost() reason 0
[2019.08.27-19.16.35:740][567]LogSlate: Window 'BaseShell' being destroyed
[2019.08.27-19.16.35:745][567]LogSlate: Window 'BaseShell' being destroyed
[2019.08.27-19.16.35:745][567]LogActorComponent: UnregisterComponent: (/Engine/Transient.EditorFloorComp) Not registered. Aborting.
[2019.08.27-19.16.50:718][ 29]LogSlate: FSceneViewport::OnFocusLost() reason 0
[2019.08.27-19.16.50:823][ 37]LogUObjectHash: Compacting FUObjectHashTables data took   1.92ms
[2019.08.27-19.16.51:803][ 37]LogSlate: Window 'Save Content' being destroyed
[2019.08.27-19.16.51:840][ 37]LogUObjectHash: Compacting FUObjectHashTables data took   0.54ms
[2019.08.27-19.16.52:106][ 37]LogSavePackage: Moving '../../../../../../Project 2/Project Files/PreojectFoil/ProjectFoil/Saved/Prototype995BC75646A542C553B7CC98C90CF2B1.tmp' to '../../../../../../Project 2/Project Files/PreojectFoil/ProjectFoil/Content/Prototype/Maps/Prototype.umap'
[2019.08.27-19.16.52:132][ 37]LogFileHelpers: Saving map 'Prototype' took 0.315
